[2026-05-30 00:01:34] [32minfo[39m: [32mKoneksi database berhasil[39m
[2026-05-30 00:01:34] [32minfo[39m: [32mServer berjalan di http://localhost:3000[39m
[2026-05-30 00:01:34] [32minfo[39m: [32mEnvironment: development[39m
[2026-05-30 00:01:40] [32minfo[39m: [32mMematikan server...[39m
[2026-05-30 00:01:45] [32minfo[39m: [32mKoneksi database berhasil[39m
[2026-05-30 00:01:45] [32minfo[39m: [32mServer berjalan di http://localhost:3000[39m
[2026-05-30 00:01:45] [32minfo[39m: [32mEnvironment: development[39m
[2026-05-30 00:02:20] [32mhttp[39m: [32m[0mPOST /api/auth/login [33m400[0m 5.071 ms - 88[0m[39m
[2026-05-30 00:02:41] [32mhttp[39m: [32m[0mGET /api/health [32m200[0m 1.092 ms - 113[0m[39m
[2026-05-30 00:02:52] [32mhttp[39m: [32m[0mPOST /api/auth/login [33m400[0m 0.729 ms - 88[0m[39m
[2026-05-30 00:07:35] [32minfo[39m: [32mKoneksi database berhasil[39m
[2026-05-30 00:07:35] [32minfo[39m: [32mServer berjalan di http://localhost:3000[39m
[2026-05-30 00:07:35] [32minfo[39m: [32mEnvironment: development[39m
[2026-05-30 00:12:25] [32mhttp[39m: [32m[0mPOST /api/auth/login [32m200[0m 349.100 ms - 332[0m[39m
[2026-05-30 00:18:18] [32mhttp[39m: [32m[0mPOST /api/auth/register [32m201[0m 198.355 ms - 99[0m[39m
[2026-05-30 00:21:44] [32mhttp[39m: [32m[0mPOST /api/users [33m400[0m 69.692 ms - 17[0m[39m
[2026-05-30 00:22:22] [32mhttp[39m: [32m[0mPOST /api/users/1 [31m500[0m 3.305 ms - 69[0m[39m
[2026-05-30 00:22:39] [32mhttp[39m: [32m[0mPOST /api/users [33m400[0m 1.515 ms - 17[0m[39m
[2026-05-30 00:23:01] [32mhttp[39m: [32m[0mPOST /api/users [33m400[0m 1.217 ms - 17[0m[39m
[2026-05-30 00:26:55] [32mhttp[39m: [32m[0mPOST /api/users [33m400[0m 2.601 ms - 17[0m[39m
[2026-05-30 00:27:34] [32minfo[39m: [32mKoneksi database berhasil[39m
[2026-05-30 00:27:34] [32minfo[39m: [32mServer berjalan di http://localhost:3000[39m
[2026-05-30 00:27:34] [32minfo[39m: [32mEnvironment: development[39m
[2026-05-30 00:27:38] [32mhttp[39m: [32m[0mPOST /api/users [33m400[0m 12.578 ms - 17[0m[39m
[2026-05-30 00:28:00] [32mhttp[39m: [32m[0mPOST /api/auth/login [32m200[0m 283.351 ms - 332[0m[39m
[2026-05-30 00:28:24] [32mhttp[39m: [32m[0mPOST /api/users [33m400[0m 1.375 ms - 17[0m[39m
[2026-05-30 00:29:26] [32mhttp[39m: [32m[0mPOST /api/users [33m400[0m 1.857 ms - 17[0m[39m
[2026-05-30 00:30:41] [32mhttp[39m: [32m[0mGET /api/users [32m200[0m 69.319 ms - 194[0m[39m
[2026-05-30 00:30:58] [32mhttp[39m: [32m[0mGET /api/users [32m200[0m 169.440 ms - 194[0m[39m
[2026-05-30 00:31:01] [32mhttp[39m: [32m[0mGET /api/users [32m200[0m 3.666 ms - 194[0m[39m
[2026-05-30 00:31:02] [32mhttp[39m: [32m[0mGET /api/users [32m200[0m 2.817 ms - 194[0m[39m
[2026-05-30 00:31:07] [32mhttp[39m: [32m[0mGET /api/users [32m200[0m 3.708 ms - 194[0m[39m
[2026-05-30 00:31:10] [32mhttp[39m: [32m[0mGET /api/users [32m200[0m 2.913 ms - 194[0m[39m
[2026-05-30 00:32:21] [32minfo[39m: [32mMematikan server...[39m
[2026-05-30 00:59:59] [32minfo[39m: [32mKoneksi database berhasil[39m
[2026-05-30 00:59:59] [32minfo[39m: [32mServer berjalan di http://localhost:3000[39m
[2026-05-30 00:59:59] [32minfo[39m: [32mEnvironment: development[39m
[2026-05-30 01:00:12] [32mhttp[39m: [32m[0mPOST /api/auth/login [32m200[0m 284.206 ms - 300[0m[39m
[2026-05-30 01:00:48] [32mhttp[39m: [32m[0mGET /api/users [32m200[0m 62.935 ms - 194[0m[39m
[2026-05-30 01:23:22] [32mhttp[39m: [32m[0mGET /api/users/1 [31m500[0m 0.938 ms - 68[0m[39m
[2026-05-30 01:23:28] [32mhttp[39m: [32m[0mGET /api/users [32m200[0m 90.832 ms - 194[0m[39m
[2026-05-30 01:23:55] [32minfo[39m: [32mKoneksi database berhasil[39m
[2026-05-30 01:23:55] [32minfo[39m: [32mServer berjalan di http://localhost:3000[39m
[2026-05-30 01:23:55] [32minfo[39m: [32mEnvironment: development[39m
[2026-05-30 20:51:27] [32minfo[39m: [32mKoneksi database berhasil[39m
[2026-05-30 20:51:27] [32minfo[39m: [32mServer berjalan di http://localhost:3000[39m
[2026-05-30 20:51:27] [32minfo[39m: [32mEnvironment: development[39m
[2026-05-30 20:51:41] [32minfo[39m: [32mMematikan server...[39m
[2026-05-30 20:51:45] [32minfo[39m: [32mKoneksi database berhasil[39m
[2026-05-30 20:51:45] [32minfo[39m: [32mServer berjalan di http://localhost:3000[39m
[2026-05-30 20:51:45] [32minfo[39m: [32mEnvironment: development[39m
[2026-05-30 20:53:27] [32mhttp[39m: [32m[0mPOST /api/auth/login [32m200[0m 252.844 ms - 300[0m[39m
[2026-05-30 20:55:35] [32minfo[39m: [32mKoneksi database berhasil[39m
[2026-05-30 20:55:35] [32minfo[39m: [32mServer berjalan di http://localhost:3000[39m
[2026-05-30 20:55:35] [32minfo[39m: [32mEnvironment: development[39m
[2026-05-30 20:56:39] [32mhttp[39m: [32m[0mPOST /api/warehouse/create [33m400[0m 9.124 ms - 17[0m[39m
[2026-05-30 20:57:39] [32mhttp[39m: [32m[0mPOST /api/warehouse/create [33m400[0m 1.735 ms - 17[0m[39m
[2026-05-30 20:58:21] [32mhttp[39m: [32m[0mPOST /api/auth/login [32m200[0m 216.538 ms - 332[0m[39m
[2026-05-30 20:58:43] [32mhttp[39m: [32m[0mPOST /api/warehouse/create [33m400[0m 1.146 ms - 17[0m[39m
[2026-05-30 21:01:43] [32minfo[39m: [32mKoneksi database berhasil[39m
[2026-05-30 21:01:43] [32minfo[39m: [32mServer berjalan di http://localhost:3000[39m
[2026-05-30 21:01:43] [32minfo[39m: [32mEnvironment: development[39m
[2026-05-30 21:04:31] [32minfo[39m: [32mKoneksi database berhasil[39m
[2026-05-30 21:04:31] [32minfo[39m: [32mServer berjalan di http://localhost:3000[39m
[2026-05-30 21:04:31] [32minfo[39m: [32mEnvironment: development[39m
[2026-05-30 21:04:34] [31merror[39m: [31mreq.status is not a function[39m
TypeError: req.status is not a function
    at createWarehouse (file:///E:/TA-WMS/backend/src/modules/warehouse/warehouse.controller.js:39:24)
    at process.processTicksAndRejections (node:internal/process/task_queues:104:5)
[2026-05-30 21:04:34] [32mhttp[39m: [32m[0mPOST /api/warehouse/create [31m500[0m 8.309 ms - 58[0m[39m
[2026-05-30 21:05:19] [32minfo[39m: [32mKoneksi database berhasil[39m
[2026-05-30 21:05:19] [32minfo[39m: [32mServer berjalan di http://localhost:3000[39m
[2026-05-30 21:05:19] [32minfo[39m: [32mEnvironment: development[39m
[2026-05-30 21:05:20] [32mhttp[39m: [32m[0mPOST /api/warehouse/create [31m500[0m 6.608 ms - 84[0m[39m
[2026-05-30 21:05:54] [32minfo[39m: [32mKoneksi database berhasil[39m
[2026-05-30 21:05:54] [32minfo[39m: [32mServer berjalan di http://localhost:3000[39m
[2026-05-30 21:05:54] [32minfo[39m: [32mEnvironment: development[39m
[2026-05-30 21:05:57] [32mhttp[39m: [32m[0mPOST /api/warehouse/create [31m500[0m 7.673 ms - 94[0m[39m
[2026-05-30 21:06:05] [32minfo[39m: [32mKoneksi database berhasil[39m
[2026-05-30 21:06:05] [32minfo[39m: [32mServer berjalan di http://localhost:3000[39m
[2026-05-30 21:06:05] [32minfo[39m: [32mEnvironment: development[39m
[2026-05-30 21:06:08] [32mhttp[39m: [32m[0mPOST /api/warehouse/create [31m500[0m 6.467 ms - 93[0m[39m
[2026-05-30 21:06:51] [32minfo[39m: [32mKoneksi database berhasil[39m
[2026-05-30 21:06:51] [32minfo[39m: [32mServer berjalan di http://localhost:3000[39m
[2026-05-30 21:06:51] [32minfo[39m: [32mEnvironment: development[39m
[2026-05-30 21:07:14] [32mhttp[39m: [32m[0mPOST /api/warehouse/create [31m500[0m 7.437 ms - 84[0m[39m
[2026-05-30 21:07:57] [32minfo[39m: [32mKoneksi database berhasil[39m
[2026-05-30 21:07:57] [32minfo[39m: [32mServer berjalan di http://localhost:3000[39m
[2026-05-30 21:07:57] [32minfo[39m: [32mEnvironment: development[39m
[2026-05-30 21:07:59] [32mhttp[39m: [32m[0mPOST /api/warehouse/create [31m500[0m 6.353 ms - 84[0m[39m
[2026-05-30 21:08:48] [32minfo[39m: [32mKoneksi database berhasil[39m
[2026-05-30 21:08:48] [32minfo[39m: [32mServer berjalan di http://localhost:3000[39m
[2026-05-30 21:08:48] [32minfo[39m: [32mEnvironment: development[39m
[2026-05-30 21:08:51] [32minfo[39m: [32mKoneksi database berhasil[39m
[2026-05-30 21:08:51] [32minfo[39m: [32mServer berjalan di http://localhost:3000[39m
[2026-05-30 21:08:51] [32minfo[39m: [32mEnvironment: development[39m
[2026-05-30 21:09:03] [32minfo[39m: [32mKoneksi database berhasil[39m
[2026-05-30 21:09:03] [32minfo[39m: [32mServer berjalan di http://localhost:3000[39m
[2026-05-30 21:09:03] [32minfo[39m: [32mEnvironment: development[39m
[2026-05-30 21:09:53] [32minfo[39m: [32mKoneksi database berhasil[39m
[2026-05-30 21:09:53] [32minfo[39m: [32mServer berjalan di http://localhost:3000[39m
[2026-05-30 21:09:53] [32minfo[39m: [32mEnvironment: development[39m
[2026-05-30 21:10:05] [32minfo[39m: [32mKoneksi database berhasil[39m
[2026-05-30 21:10:05] [32minfo[39m: [32mServer berjalan di http://localhost:3000[39m
[2026-05-30 21:10:05] [32minfo[39m: [32mEnvironment: development[39m
[2026-05-30 21:10:10] [32mhttp[39m: [32m[0mPOST /api/warehouse/create [31m500[0m 35.628 ms - 230[0m[39m
[2026-05-30 21:12:12] [32minfo[39m: [32mKoneksi database berhasil[39m
[2026-05-30 21:12:12] [32minfo[39m: [32mServer berjalan di http://localhost:3000[39m
[2026-05-30 21:12:12] [32minfo[39m: [32mEnvironment: development[39m
[2026-05-30 21:12:15] [32mhttp[39m: [32m[0mPOST /api/warehouse/create [32m201[0m 153.126 ms - 113[0m[39m
[2026-05-30 21:13:50] [32mhttp[39m: [32m[0mPOST /api/warehouse [31m500[0m 1.004 ms - 71[0m[39m
[2026-05-30 21:14:12] [32minfo[39m: [32mKoneksi database berhasil[39m
[2026-05-30 21:14:12] [32minfo[39m: [32mServer berjalan di http://localhost:3000[39m
[2026-05-30 21:14:12] [32minfo[39m: [32mEnvironment: development[39m
[2026-05-30 21:14:17] [32mhttp[39m: [32m[0mPOST /api/warehouse [31m500[0m 2.243 ms - 71[0m[39m
[2026-05-30 21:14:22] [32minfo[39m: [32mKoneksi database berhasil[39m
[2026-05-30 21:14:22] [32minfo[39m: [32mServer berjalan di http://localhost:3000[39m
[2026-05-30 21:14:22] [32minfo[39m: [32mEnvironment: development[39m
[2026-05-30 21:14:23] [32mhttp[39m: [32m[0mPOST /api/warehouse [31m500[0m 2.205 ms - 71[0m[39m
[2026-05-30 21:14:36] [32mhttp[39m: [32m[0mGET /api/warehouse [31m500[0m 110.147 ms - 54[0m[39m
[2026-05-30 21:14:44] [32minfo[39m: [32mKoneksi database berhasil[39m
[2026-05-30 21:14:44] [32minfo[39m: [32mServer berjalan di http://localhost:3000[39m
[2026-05-30 21:14:44] [32minfo[39m: [32mEnvironment: development[39m
[2026-05-30 21:14:50] [32mhttp[39m: [32m[0mGET /api/warehouse/ [31m500[0m 227.249 ms - 54[0m[39m
[2026-05-30 21:15:27] [32minfo[39m: [32mKoneksi database berhasil[39m
[2026-05-30 21:15:27] [32minfo[39m: [32mServer berjalan di http://localhost:3000[39m
[2026-05-30 21:15:27] [32minfo[39m: [32mEnvironment: development[39m
[2026-05-30 21:15:34] [32mhttp[39m: [32m[0mGET /api/warehouse/getWarehouse [31m500[0m 113.903 ms - 54[0m[39m
[2026-05-30 21:15:53] [32mhttp[39m: [32m[0mGET /api/warehouse/getWarehouse [31m500[0m 53.295 ms - 54[0m[39m
[2026-05-30 21:16:21] [32mhttp[39m: [32m[0mGET /api/warehouse [31m500[0m 0.876 ms - 70[0m[39m
[2026-05-30 21:16:31] [32minfo[39m: [32mKoneksi database berhasil[39m
[2026-05-30 21:16:31] [32minfo[39m: [32mServer berjalan di http://localhost:3000[39m
[2026-05-30 21:16:31] [32minfo[39m: [32mEnvironment: development[39m
[2026-05-30 21:18:30] [32mhttp[39m: [32m[0mGET /api/warehouse [31m500[0m 127.499 ms - 54[0m[39m
[2026-05-30 21:18:58] [32mhttp[39m: [32m[0mGET /api/warehouse [31m500[0m 155.833 ms - 54[0m[39m
[2026-05-30 21:20:27] [32minfo[39m: [32mKoneksi database berhasil[39m
[2026-05-30 21:20:27] [32minfo[39m: [32mServer berjalan di http://localhost:3000[39m
[2026-05-30 21:20:27] [32minfo[39m: [32mEnvironment: development[39m
[2026-05-30 21:20:31] [32mhttp[39m: [32m[0mGET /api/warehouse [32m200[0m 224.905 ms - 115[0m[39m
[2026-05-30 21:24:11] [32minfo[39m: [32mKoneksi database berhasil[39m
[2026-05-30 21:24:11] [32minfo[39m: [32mServer berjalan di http://localhost:3000[39m
[2026-05-30 21:24:11] [32minfo[39m: [32mEnvironment: development[39m
[2026-05-30 21:27:54] [32minfo[39m: [32mKoneksi database berhasil[39m
[2026-05-30 21:27:54] [32minfo[39m: [32mServer berjalan di http://localhost:3000[39m
[2026-05-30 21:27:54] [32minfo[39m: [32mEnvironment: development[39m
[2026-05-30 21:29:53] [32minfo[39m: [32mKoneksi database berhasil[39m
[2026-05-30 21:29:53] [32minfo[39m: [32mServer berjalan di http://localhost:3000[39m
[2026-05-30 21:29:53] [32minfo[39m: [32mEnvironment: development[39m
[2026-05-30 21:31:01] [32minfo[39m: [32mKoneksi database berhasil[39m
[2026-05-30 21:31:01] [32minfo[39m: [32mServer berjalan di http://localhost:3000[39m
[2026-05-30 21:31:01] [32minfo[39m: [32mEnvironment: development[39m
[2026-05-30 21:41:14] [32minfo[39m: [32mKoneksi database berhasil[39m
[2026-05-30 21:41:14] [32minfo[39m: [32mServer berjalan di http://localhost:3000[39m
[2026-05-30 21:41:14] [32minfo[39m: [32mEnvironment: development[39m
[2026-05-30 21:42:34] [32minfo[39m: [32mKoneksi database berhasil[39m
[2026-05-30 21:42:34] [32minfo[39m: [32mServer berjalan di http://localhost:3000[39m
[2026-05-30 21:42:34] [32minfo[39m: [32mEnvironment: development[39m
[2026-05-30 21:44:24] [32minfo[39m: [32mKoneksi database berhasil[39m
[2026-05-30 21:44:24] [32minfo[39m: [32mServer berjalan di http://localhost:3000[39m
[2026-05-30 21:44:24] [32minfo[39m: [32mEnvironment: development[39m
[2026-05-30 21:45:18] [32mhttp[39m: [32m[0mGET /api/warehouse/update [31m500[0m 3.708 ms - 77[0m[39m
[2026-05-30 21:46:00] [32minfo[39m: [32mKoneksi database berhasil[39m
[2026-05-30 21:46:00] [32minfo[39m: [32mServer berjalan di http://localhost:3000[39m
[2026-05-30 21:46:00] [32minfo[39m: [32mEnvironment: development[39m
[2026-05-30 21:46:07] [32mhttp[39m: [32m[0mPUT /api/warehouse/update [33m400[0m 17.588 ms - 17[0m[39m
[2026-05-30 21:47:50] [32minfo[39m: [32mKoneksi database berhasil[39m
[2026-05-30 21:47:50] [32minfo[39m: [32mServer berjalan di http://localhost:3000[39m
[2026-05-30 21:47:50] [32minfo[39m: [32mEnvironment: development[39m
[2026-05-30 21:47:54] [32mhttp[39m: [32m[0mPUT /api/warehouse/update [33m400[0m 6.146 ms - 17[0m[39m
[2026-05-30 21:49:09] [32minfo[39m: [32mKoneksi database berhasil[39m
[2026-05-30 21:49:09] [32minfo[39m: [32mServer berjalan di http://localhost:3000[39m
[2026-05-30 21:49:09] [32minfo[39m: [32mEnvironment: development[39m
[2026-05-30 21:49:52] [32mhttp[39m: [32m[0mPUT /api/warehouse/update [33m400[0m 6.755 ms - 17[0m[39m
[2026-05-30 21:52:27] [32mhttp[39m: [32m[0mPATCH /api/warehouse/update [31m500[0m 0.916 ms - 79[0m[39m
[2026-05-30 21:52:32] [32mhttp[39m: [32m[0mPUT /api/warehouse/update [33m400[0m 1.086 ms - 17[0m[39m
[2026-05-30 22:01:52] [32minfo[39m: [32mKoneksi database berhasil[39m
[2026-05-30 22:01:52] [32minfo[39m: [32mServer berjalan di http://localhost:3000[39m
[2026-05-30 22:01:52] [32minfo[39m: [32mEnvironment: development[39m
[2026-05-30 22:01:52] [32minfo[39m: [32mKoneksi database berhasil[39m
[2026-05-30 22:01:52] [32minfo[39m: [32mServer berjalan di http://localhost:3000[39m
[2026-05-30 22:01:52] [32minfo[39m: [32mEnvironment: development[39m
[2026-05-30 22:03:17] [32minfo[39m: [32mKoneksi database berhasil[39m
[2026-05-30 22:03:17] [32minfo[39m: [32mServer berjalan di http://localhost:3000[39m
[2026-05-30 22:03:17] [32minfo[39m: [32mEnvironment: development[39m
[2026-05-30 22:03:46] [32mhttp[39m: [32m[0mPUT /api/warehouse/update [33m400[0m 6.731 ms - 17[0m[39m
[2026-05-30 22:05:09] [32minfo[39m: [32mKoneksi database berhasil[39m
[2026-05-30 22:05:09] [32minfo[39m: [32mServer berjalan di http://localhost:3000[39m
[2026-05-30 22:05:09] [32minfo[39m: [32mEnvironment: development[39m
[2026-05-30 22:05:37] [32mhttp[39m: [32m[0mPUT /api/warehouse/update/1 [33m400[0m 6.647 ms - 17[0m[39m
[2026-05-30 22:05:55] [32mhttp[39m: [32m[0mPUT /api/warehouse/update/1 [33m400[0m 1.528 ms - 17[0m[39m
[2026-05-30 22:06:07] [32mhttp[39m: [32m[0mPUT /api/warehouse/update/1 [31m500[0m 2.315 ms - 47[0m[39m
[2026-05-30 22:07:15] [32minfo[39m: [32mKoneksi database berhasil[39m
[2026-05-30 22:07:15] [32minfo[39m: [32mServer berjalan di http://localhost:3000[39m
[2026-05-30 22:07:15] [32minfo[39m: [32mEnvironment: development[39m
[2026-05-30 22:07:17] [32mhttp[39m: [32m[0mPUT /api/warehouse/update/1 [31m500[0m 6.855 ms - 51[0m[39m
[2026-05-30 22:07:25] [32minfo[39m: [32mKoneksi database berhasil[39m
[2026-05-30 22:07:25] [32minfo[39m: [32mServer berjalan di http://localhost:3000[39m
[2026-05-30 22:07:25] [32minfo[39m: [32mEnvironment: development[39m
[2026-05-30 22:07:28] [32mhttp[39m: [32m[0mPUT /api/warehouse/update/1 [31m500[0m 6.895 ms - 47[0m[39m
[2026-05-30 22:08:04] [32minfo[39m: [32mKoneksi database berhasil[39m
[2026-05-30 22:08:04] [32minfo[39m: [32mServer berjalan di http://localhost:3000[39m
[2026-05-30 22:08:04] [32minfo[39m: [32mEnvironment: development[39m
[2026-05-30 22:08:41] [32minfo[39m: [32mKoneksi database berhasil[39m
[2026-05-30 22:08:41] [32minfo[39m: [32mServer berjalan di http://localhost:3000[39m
[2026-05-30 22:08:41] [32minfo[39m: [32mEnvironment: development[39m
[2026-05-30 22:08:43] [32mhttp[39m: [32m[0mPUT /api/warehouse/update/1 [31m500[0m 35.330 ms - 384[0m[39m
[2026-05-30 22:09:49] [32minfo[39m: [32mKoneksi database berhasil[39m
[2026-05-30 22:09:49] [32minfo[39m: [32mServer berjalan di http://localhost:3000[39m
[2026-05-30 22:09:49] [32minfo[39m: [32mEnvironment: development[39m
[2026-05-30 22:10:26] [32minfo[39m: [32mKoneksi database berhasil[39m
[2026-05-30 22:10:26] [32minfo[39m: [32mServer berjalan di http://localhost:3000[39m
[2026-05-30 22:10:26] [32minfo[39m: [32mEnvironment: development[39m
[2026-05-30 22:10:28] [32mhttp[39m: [32m[0mPUT /api/warehouse/update/1 [32m200[0m 175.852 ms - 110[0m[39m
[2026-05-30 22:11:01] [32minfo[39m: [32mMematikan server...[39m
